This is pdfTeX, Version 3.1415926-1.40.10 (TeX Live 2009/Debian) (format=pdflatex 2011.2.3)  3 FEB 2011 13:01
entering extended mode
 restricted \write18 enabled.
 %&-line parsing enabled.
**report.tex
(./report.tex
LaTeX2e <2009/09/24>
Babel <v3.8l> and hyphenation patterns for english, usenglishmax, dumylang, noh
yphenation, loaded.
(/usr/share/texmf-texlive/tex/latex/base/article.cls
Document Class: article 2007/10/19 v1.4h Standard LaTeX document class
(/usr/share/texmf-texlive/tex/latex/base/size10.clo
File: size10.clo 2007/10/19 v1.4h Standard LaTeX file (size option)
)
\c@part=\count79
\c@section=\count80
\c@subsection=\count81
\c@subsubsection=\count82
\c@paragraph=\count83
\c@subparagraph=\count84
\c@figure=\count85
\c@table=\count86
\abovecaptionskip=\skip41
\belowcaptionskip=\skip42
\bibindent=\dimen102
) (./report.aux)
\openout1 = `report.aux'.

LaTeX Font Info:    Checking defaults for OML/cmm/m/it on input line 8.
LaTeX Font Info:    ... okay on input line 8.
LaTeX Font Info:    Checking defaults for T1/cmr/m/n on input line 8.
LaTeX Font Info:    ... okay on input line 8.
LaTeX Font Info:    Checking defaults for OT1/cmr/m/n on input line 8.
LaTeX Font Info:    ... okay on input line 8.
LaTeX Font Info:    Checking defaults for OMS/cmsy/m/n on input line 8.
LaTeX Font Info:    ... okay on input line 8.
LaTeX Font Info:    Checking defaults for OMX/cmex/m/n on input line 8.
LaTeX Font Info:    ... okay on input line 8.
LaTeX Font Info:    Checking defaults for U/cmr/m/n on input line 8.
LaTeX Font Info:    ... okay on input line 8.
LaTeX Font Info:    External font `cmex10' loaded for size
(Font)              <12> on input line 10.
LaTeX Font Info:    External font `cmex10' loaded for size
(Font)              <8> on input line 10.
LaTeX Font Info:    External font `cmex10' loaded for size
(Font)              <6> on input line 10.

Underfull \hbox (badness 10000) in paragraph at lines 20--26

 []

LaTeX Font Info:    External font `cmex10' loaded for size
(Font)              <7> on input line 28.
LaTeX Font Info:    External font `cmex10' loaded for size
(Font)              <5> on input line 28.

Underfull \hbox (badness 10000) in paragraph at lines 45--51

 []

[1

{/var/lib/texmf/fonts/map/pdftex/updmap/pdftex.map}]
LaTeX Font Info:    Try loading font information for OMS+cmr on input line 59.

(/usr/share/texmf-texlive/tex/latex/base/omscmr.fd
File: omscmr.fd 1999/05/25 v2.5h Standard LaTeX font definitions
)
LaTeX Font Info:    Font shape `OMS/cmr/m/n' in size <10> not available
(Font)              Font shape `OMS/cmsy/m/n' tried instead on input line 59.

Underfull \hbox (badness 10000) in paragraph at lines 93--98

 []


Underfull \hbox (badness 10000) in paragraph at lines 107--122

 []

[2]
Overfull \hbox (15.03453pt too wide) in paragraph at lines 123--128
\OT1/cmr/m/n/10 plane of the wall as in-ter-sec-tion point $\OML/cmm/m/it/10 is
p$\OT1/cmr/m/n/10 . And the wall sides as $[]$.
 []


Underfull \hbox (badness 10000) in paragraph at lines 123--128

 []


Underfull \hbox (badness 10000) in paragraph at lines 129--137

 []


Underfull \hbox (badness 10000) in paragraph at lines 138--140

 []


Underfull \hbox (badness 10000) in paragraph at lines 141--147

 []


Underfull \hbox (badness 10000) in paragraph at lines 160--163

 []

[3]
! Missing $ inserted.
<inserted text> 
                $
l.165 This projected point is called isp_
                                         proj.
? 
! Emergency stop.
<inserted text> 
                $
l.165 This projected point is called isp_
                                         proj.
End of file on the terminal!

 
Here is how much of TeX's memory you used:
 254 strings out of 495061
 2800 string characters out of 1182622
 51072 words of memory out of 3000000
 3501 multiletter control sequences out of 15000+50000
 9149 words of font info for 32 fonts, out of 3000000 for 9000
 28 hyphenation exceptions out of 8191
 23i,6n,19p,184b,199s stack positions out of 5000i,500n,10000p,200000b,50000s
!  ==> Fatal error occurred, no output PDF file produced!
